<?xml version="1.0" encoding="UTF-8"?>
<!-- Generated by org.testng.reporters.JUnitReportReporter -->
<testsuite hostname="DESKTOP-B40JGHB" failures="0" tests="3" name="abcd.TestScripts" time="127.486" errors="0" timestamp="2022-02-08T21:12:37 IST" skipped="0">
  <testcase classname="abcd.TestScripts" name="VerifyCourses" time="52.821"/>
  <system-out/>
  <testcase classname="abcd.TestScripts" name="Form" time="33.511"/>
  <system-out/>
  <testcase classname="abcd.TestScripts" name="alllevel" time="41.154"/>
  <system-out/>
</testsuite> <!-- abcd.TestScripts -->
