<?xml version="1.0" encoding="UTF-8"?>
<!-- Generated by org.testng.reporters.JUnitReportReporter -->
<testsuite hostname="DESKTOP-B40JGHB" failures="0" tests="3" name="abcd.TestScripts" time="123.908" errors="0" timestamp="2022-02-08T21:29:48 IST" skipped="0">
  <testcase classname="abcd.TestScripts" name="VerifyCourses" time="53.146"/>
  <system-out/>
  <testcase classname="abcd.TestScripts" name="Form" time="29.548"/>
  <system-out/>
  <testcase classname="abcd.TestScripts" name="alllevel" time="41.214"/>
  <system-out/>
</testsuite> <!-- abcd.TestScripts -->
