<?xml version="1.0" encoding="UTF-8"?>
<!-- Generated by org.testng.reporters.JUnitReportReporter -->
<testsuite hostname="DESKTOP-B40JGHB" failures="0" tests="3" name="abcd.TestScripts" time="178.376" errors="0" timestamp="2022-02-08T21:26:54 IST" skipped="0">
  <testcase classname="abcd.TestScripts" name="VerifyCourses" time="109.291"/>
  <system-out/>
  <testcase classname="abcd.TestScripts" name="Form" time="27.396"/>
  <system-out/>
  <testcase classname="abcd.TestScripts" name="alllevel" time="41.689"/>
  <system-out/>
</testsuite> <!-- abcd.TestScripts -->
