<?xml version="1.0" encoding="UTF-8"?>
<!-- Generated by org.testng.reporters.JUnitReportReporter -->
<testsuite hostname="DESKTOP-B40JGHB" failures="0" tests="3" name="abcd.TestScripts" time="109.017" errors="0" timestamp="2022-02-08T21:06:44 IST" skipped="0">
  <testcase classname="abcd.TestScripts" name="VerifyCourses" time="48.828"/>
  <system-out/>
  <testcase classname="abcd.TestScripts" name="Form" time="24.421"/>
  <system-out/>
  <testcase classname="abcd.TestScripts" name="alllevel" time="35.768"/>
  <system-out/>
</testsuite> <!-- abcd.TestScripts -->
