<?xml version="1.0" encoding="UTF-8"?>
<!-- Generated by org.testng.reporters.JUnitReportReporter -->
<testsuite hostname="DESKTOP-B40JGHB" failures="0" tests="3" name="abcd.TestScripts" time="125.650" errors="0" timestamp="2022-02-08T21:42:00 IST" skipped="0">
  <testcase classname="abcd.TestScripts" name="VerifyCourses" time="50.479"/>
  <system-out/>
  <testcase classname="abcd.TestScripts" name="Form" time="30.958"/>
  <system-out/>
  <testcase classname="abcd.TestScripts" name="alllevel" time="44.213"/>
  <system-out/>
</testsuite> <!-- abcd.TestScripts -->
